<?xml version="1.0" encoding="UTF-8"?>
<coverage generated="1667835110399" clover="3.2.0">
  <project timestamp="1667835110399" name="All files">
    <metrics statements="88" coveredstatements="71" conditionals="13" coveredconditionals="8" methods="37" coveredmethods="27" elements="138" coveredelements="106" complexity="0" loc="88" ncloc="88" packages="5" files="11" classes="11"/>
    <package name="src">
      <metrics statements="1" coveredstatements="1" conditionals="0" coveredconditionals="0" methods="1" coveredmethods="1"/>
      <file name="App.js" path="/home/gpina/Desktop/projeto/sd-025-b-project-trybewallet/src/App.js">
        <metrics statements="1" coveredstatements="1" conditionals="0" coveredconditionals="0" methods="1" coveredmethods="1"/>
        <line num="9" count="5" type="stmt"/>
      </file>
    </package>
    <package name="src.components">
      <metrics statements="30" coveredstatements="26" conditionals="2" coveredconditionals="1" methods="17" coveredmethods="13"/>
      <file name="Form.js" path="/home/gpina/Desktop/projeto/sd-025-b-project-trybewallet/src/components/Form.js">
        <metrics statements="17" coveredstatements="16" conditionals="0" coveredconditionals="0" methods="8" coveredmethods="7"/>
        <line num="7" count="3" type="stmt"/>
        <line num="19" count="3" type="stmt"/>
        <line num="24" count="3" type="stmt"/>
        <line num="25" count="2" type="stmt"/>
        <line num="26" count="2" type="stmt"/>
        <line num="27" count="2" type="stmt"/>
        <line num="32" count="3" type="stmt"/>
        <line num="33" count="1" type="stmt"/>
        <line num="46" count="9" type="stmt"/>
        <line num="47" count="9" type="stmt"/>
        <line num="48" count="9" type="stmt"/>
        <line num="49" count="9" type="stmt"/>
        <line num="82" count="0" type="stmt"/>
        <line num="118" count="1" type="stmt"/>
        <line num="119" count="1" type="stmt"/>
        <line num="129" count="3" type="stmt"/>
        <line num="133" count="1" type="stmt"/>
      </file>
      <file name="Header.js" path="/home/gpina/Desktop/projeto/sd-025-b-project-trybewallet/src/components/Header.js">
        <metrics statements="5" coveredstatements="4" conditionals="0" coveredconditionals="0" methods="3" coveredmethods="2"/>
        <line num="7" count="3" type="stmt"/>
        <line num="8" count="3" type="stmt"/>
        <line num="12" count="0" type="stmt"/>
        <line num="23" count="3" type="stmt"/>
        <line num="28" count="1" type="stmt"/>
      </file>
      <file name="Table.js" path="/home/gpina/Desktop/projeto/sd-025-b-project-trybewallet/src/components/Table.js">
        <metrics statements="6" coveredstatements="4" conditionals="2" coveredconditionals="1" methods="4" coveredmethods="2"/>
        <line num="8" count="3" type="stmt"/>
        <line num="9" count="3" type="stmt"/>
        <line num="30" count="0" type="stmt"/>
        <line num="47" count="0" type="stmt"/>
        <line num="62" count="3" type="stmt"/>
        <line num="66" count="1" type="stmt"/>
      </file>
      <file name="WalletForm.js" path="/home/gpina/Desktop/projeto/sd-025-b-project-trybewallet/src/components/WalletForm.js">
        <metrics statements="2" coveredstatements="2" conditionals="0" coveredconditionals="0" methods="2" coveredmethods="2"/>
        <line num="8" count="3" type="stmt"/>
        <line num="16" count="3" type="stmt"/>
      </file>
    </package>
    <package name="src.pages">
      <metrics statements="18" coveredstatements="18" conditionals="2" coveredconditionals="2" methods="6" coveredmethods="6"/>
      <file name="Login.js" path="/home/gpina/Desktop/projeto/sd-025-b-project-trybewallet/src/pages/Login.js">
        <metrics statements="17" coveredstatements="17" conditionals="2" coveredconditionals="2" methods="5" coveredmethods="5"/>
        <line num="8" count="5" type="stmt"/>
        <line num="16" count="5" type="stmt"/>
        <line num="17" count="5" type="stmt"/>
        <line num="20" count="5" type="stmt"/>
        <line num="21" count="75" type="stmt"/>
        <line num="22" count="75" type="stmt"/>
        <line num="23" count="75" type="stmt"/>
        <line num="24" count="75" type="stmt"/>
        <line num="25" count="75" type="stmt"/>
        <line num="27" count="75" type="stmt"/>
        <line num="30" count="75" type="stmt"/>
        <line num="38" count="155" type="stmt"/>
        <line num="39" count="155" type="stmt"/>
        <line num="40" count="155" type="cond" truecount="2" falsecount="0"/>
        <line num="41" count="155" type="stmt"/>
        <line num="62" count="2" type="stmt"/>
        <line num="73" count="1" type="stmt"/>
      </file>
      <file name="Wallet.js" path="/home/gpina/Desktop/projeto/sd-025-b-project-trybewallet/src/pages/Wallet.js">
        <metrics statements="1" coveredstatements="1" conditionals="0" coveredconditionals="0" methods="1" coveredmethods="1"/>
        <line num="8" count="3" type="stmt"/>
      </file>
    </package>
    <package name="src.redux.actions">
      <metrics statements="24" coveredstatements="16" conditionals="0" coveredconditionals="0" methods="10" coveredmethods="5"/>
      <file name="index.js" path="/home/gpina/Desktop/projeto/sd-025-b-project-trybewallet/src/redux/actions/index.js">
        <metrics statements="24" coveredstatements="16" conditionals="0" coveredconditionals="0" methods="10" coveredmethods="5"/>
        <line num="1" count="1" type="stmt"/>
        <line num="2" count="1" type="stmt"/>
        <line num="3" count="1" type="stmt"/>
        <line num="4" count="1" type="stmt"/>
        <line num="5" count="1" type="stmt"/>
        <line num="7" count="2" type="stmt"/>
        <line num="13" count="1" type="stmt"/>
        <line num="18" count="1" type="stmt"/>
        <line num="23" count="1" type="stmt"/>
        <line num="28" count="1" type="stmt"/>
        <line num="41" count="5" type="stmt"/>
        <line num="42" count="5" type="stmt"/>
        <line num="43" count="5" type="stmt"/>
        <line num="44" count="0" type="stmt"/>
        <line num="45" count="0" type="stmt"/>
        <line num="46" count="0" type="stmt"/>
        <line num="47" count="0" type="stmt"/>
        <line num="49" count="0" type="stmt"/>
        <line num="55" count="1" type="stmt"/>
        <line num="56" count="1" type="stmt"/>
        <line num="57" count="1" type="stmt"/>
        <line num="58" count="0" type="stmt"/>
        <line num="59" count="0" type="stmt"/>
        <line num="61" count="0" type="stmt"/>
      </file>
    </package>
    <package name="src.redux.reducers">
      <metrics statements="15" coveredstatements="10" conditionals="9" coveredconditionals="5" methods="3" coveredmethods="2"/>
      <file name="index.js" path="/home/gpina/Desktop/projeto/sd-025-b-project-trybewallet/src/redux/reducers/index.js">
        <metrics statements="1" coveredstatements="1" conditionals="0" coveredconditionals="0" methods="0" coveredmethods="0"/>
        <line num="5" count="1" type="stmt"/>
      </file>
      <file name="user.js" path="/home/gpina/Desktop/projeto/sd-025-b-project-trybewallet/src/redux/reducers/user.js">
        <metrics statements="5" coveredstatements="5" conditionals="3" coveredconditionals="3" methods="1" coveredmethods="1"/>
        <line num="3" count="1" type="stmt"/>
        <line num="8" count="1" type="cond" truecount="1" falsecount="0"/>
        <line num="9" count="10" type="cond" truecount="2" falsecount="0"/>
        <line num="11" count="2" type="stmt"/>
        <line num="16" count="8" type="stmt"/>
      </file>
      <file name="wallet.js" path="/home/gpina/Desktop/projeto/sd-025-b-project-trybewallet/src/redux/reducers/wallet.js">
        <metrics statements="9" coveredstatements="4" conditionals="6" coveredconditionals="2" methods="2" coveredmethods="1"/>
        <line num="3" count="1" type="stmt"/>
        <line num="10" count="1" type="cond" truecount="1" falsecount="0"/>
        <line num="11" count="10" type="cond" truecount="1" falsecount="4"/>
        <line num="13" count="0" type="stmt"/>
        <line num="18" count="0" type="stmt"/>
        <line num="23" count="0" type="stmt"/>
        <line num="28" count="0" type="stmt"/>
        <line num="30" count="0" type="stmt"/>
        <line num="33" count="10" type="stmt"/>
      </file>
    </package>
  </project>
</coverage>
