{"total": {"lines":{"total":79,"covered":57,"skipped":0,"pct":72.15},"statements":{"total":88,"covered":61,"skipped":0,"pct":69.31},"functions":{"total":32,"covered":20,"skipped":0,"pct":62.5},"branches":{"total":10,"covered":7,"skipped":0,"pct":70},"branchesTrue":{"total":0,"covered":0,"skipped":0,"pct":100}}
,"/home/gpina/Desktop/projeto/sd-025-b-project-trybewallet/src/App.js": {"lines":{"total":1,"covered":1,"skipped":0,"pct":100},"functions":{"total":1,"covered":1,"skipped":0,"pct":100},"statements":{"total":1,"covered":1,"skipped":0,"pct":100},"branches":{"total":0,"covered":0,"skipped":0,"pct":100}}
,"/home/gpina/Desktop/projeto/sd-025-b-project-trybewallet/src/components/Form.js": {"lines":{"total":17,"covered":10,"skipped":0,"pct":58.82},"functions":{"total":8,"covered":3,"skipped":0,"pct":37.5},"statements":{"total":19,"covered":11,"skipped":0,"pct":57.89},"branches":{"total":0,"covered":0,"skipped":0,"pct":100}}
,"/home/gpina/Desktop/projeto/sd-025-b-project-trybewallet/src/components/Header.js": {"lines":{"total":5,"covered":4,"skipped":0,"pct":80},"functions":{"total":3,"covered":2,"skipped":0,"pct":66.66},"statements":{"total":6,"covered":5,"skipped":0,"pct":83.33},"branches":{"total":0,"covered":0,"skipped":0,"pct":100}}
,"/home/gpina/Desktop/projeto/sd-025-b-project-trybewallet/src/components/Table.js": {"lines":{"total":1,"covered":1,"skipped":0,"pct":100},"functions":{"total":1,"covered":1,"skipped":0,"pct":100},"statements":{"total":1,"covered":1,"skipped":0,"pct":100},"branches":{"total":0,"covered":0,"skipped":0,"pct":100}}
,"/home/gpina/Desktop/projeto/sd-025-b-project-trybewallet/src/components/WalletForm.js": {"lines":{"total":2,"covered":2,"skipped":0,"pct":100},"functions":{"total":2,"covered":2,"skipped":0,"pct":100},"statements":{"total":3,"covered":3,"skipped":0,"pct":100},"branches":{"total":0,"covered":0,"skipped":0,"pct":100}}
,"/home/gpina/Desktop/projeto/sd-025-b-project-trybewallet/src/pages/Login.js": {"lines":{"total":17,"covered":17,"skipped":0,"pct":100},"functions":{"total":5,"covered":5,"skipped":0,"pct":100},"statements":{"total":17,"covered":17,"skipped":0,"pct":100},"branches":{"total":2,"covered":2,"skipped":0,"pct":100}}
,"/home/gpina/Desktop/projeto/sd-025-b-project-trybewallet/src/pages/Wallet.js": {"lines":{"total":1,"covered":1,"skipped":0,"pct":100},"functions":{"total":1,"covered":1,"skipped":0,"pct":100},"statements":{"total":1,"covered":1,"skipped":0,"pct":100},"branches":{"total":0,"covered":0,"skipped":0,"pct":100}}
,"/home/gpina/Desktop/projeto/sd-025-b-project-trybewallet/src/redux/actions/index.js": {"lines":{"total":22,"covered":11,"skipped":0,"pct":50},"functions":{"total":9,"covered":3,"skipped":0,"pct":33.33},"statements":{"total":27,"covered":12,"skipped":0,"pct":44.44},"branches":{"total":0,"covered":0,"skipped":0,"pct":100}}
,"/home/gpina/Desktop/projeto/sd-025-b-project-trybewallet/src/redux/reducers/index.js": {"lines":{"total":1,"covered":1,"skipped":0,"pct":100},"functions":{"total":0,"covered":0,"skipped":0,"pct":100},"statements":{"total":1,"covered":1,"skipped":0,"pct":100},"branches":{"total":0,"covered":0,"skipped":0,"pct":100}}
,"/home/gpina/Desktop/projeto/sd-025-b-project-trybewallet/src/redux/reducers/user.js": {"lines":{"total":5,"covered":5,"skipped":0,"pct":100},"functions":{"total":1,"covered":1,"skipped":0,"pct":100},"statements":{"total":5,"covered":5,"skipped":0,"pct":100},"branches":{"total":3,"covered":3,"skipped":0,"pct":100}}
,"/home/gpina/Desktop/projeto/sd-025-b-project-trybewallet/src/redux/reducers/wallet.js": {"lines":{"total":7,"covered":4,"skipped":0,"pct":57.14},"functions":{"total":1,"covered":1,"skipped":0,"pct":100},"statements":{"total":7,"covered":4,"skipped":0,"pct":57.14},"branches":{"total":5,"covered":2,"skipped":0,"pct":40}}
}
