{"/home/gpina/Desktop/projeto/sd-025-b-project-trybewallet/src/App.js": {"path":"/home/gpina/Desktop/projeto/sd-025-b-project-trybewallet/src/App.js","statementMap":{"0":{"start":{"line":9,"column":4},"end":{"line":17,"column":6}}},"fnMap":{"0":{"name":"(anonymous_0)","decl":{"start":{"line":8,"column":2},"end":{"line":8,"column":3}},"loc":{"start":{"line":8,"column":11},"end":{"line":18,"column":3}},"line":8}},"branchMap":{},"s":{"0":5},"f":{"0":5},"b":{},"_coverageSchema":"1a1c01bbd47fc00a2c39e90264f33305004495a9","hash":"a419d6002c19096c9d870add96b472bbc03f9a09"}
,"/home/gpina/Desktop/projeto/sd-025-b-project-trybewallet/src/components/Form.js": {"path":"/home/gpina/Desktop/projeto/sd-025-b-project-trybewallet/src/components/Form.js","statementMap":{"0":{"start":{"line":7,"column":10},"end":{"line":16,"column":3}},"1":{"start":{"line":19,"column":4},"end":{"line":21,"column":7}},"2":{"start":{"line":24,"column":17},"end":{"line":30,"column":3}},"3":{"start":{"line":25,"column":21},"end":{"line":25,"column":31}},"4":{"start":{"line":26,"column":28},"end":{"line":26,"column":34}},"5":{"start":{"line":27,"column":4},"end":{"line":29,"column":7}},"6":{"start":{"line":32,"column":16},"end":{"line":43,"column":3}},"7":{"start":{"line":33,"column":4},"end":{"line":42,"column":8}},"8":{"start":{"line":33,"column":29},"end":{"line":42,"column":5}},"9":{"start":{"line":46,"column":28},"end":{"line":46,"column":38}},"10":{"start":{"line":47,"column":68},"end":{"line":47,"column":78}},"11":{"start":{"line":48,"column":37},"end":{"line":48,"column":47}},"12":{"start":{"line":49,"column":4},"end":{"line":125,"column":6}},"13":{"start":{"line":82,"column":16},"end":{"line":82,"column":62}},"14":{"start":{"line":118,"column":12},"end":{"line":118,"column":45}},"15":{"start":{"line":119,"column":12},"end":{"line":119,"column":31}},"16":{"start":{"line":129,"column":24},"end":{"line":131,"column":2}},"17":{"start":{"line":129,"column":36},"end":{"line":131,"column":1}},"18":{"start":{"line":133,"column":0},"end":{"line":138,"column":2}}},"fnMap":{"0":{"name":"(anonymous_0)","decl":{"start":{"line":18,"column":2},"end":{"line":18,"column":3}},"loc":{"start":{"line":18,"column":22},"end":{"line":22,"column":3}},"line":18},"1":{"name":"(anonymous_1)","decl":{"start":{"line":24,"column":17},"end":{"line":24,"column":18}},"loc":{"start":{"line":24,"column":33},"end":{"line":30,"column":3}},"line":24},"2":{"name":"(anonymous_2)","decl":{"start":{"line":32,"column":16},"end":{"line":32,"column":17}},"loc":{"start":{"line":32,"column":22},"end":{"line":43,"column":3}},"line":32},"3":{"name":"(anonymous_3)","decl":{"start":{"line":33,"column":18},"end":{"line":33,"column":19}},"loc":{"start":{"line":33,"column":29},"end":{"line":42,"column":5}},"line":33},"4":{"name":"(anonymous_4)","decl":{"start":{"line":45,"column":2},"end":{"line":45,"column":3}},"loc":{"start":{"line":45,"column":11},"end":{"line":126,"column":3}},"line":45},"5":{"name":"(anonymous_5)","decl":{"start":{"line":81,"column":31},"end":{"line":81,"column":32}},"loc":{"start":{"line":82,"column":16},"end":{"line":82,"column":62}},"line":82},"6":{"name":"(anonymous_6)","decl":{"start":{"line":117,"column":20},"end":{"line":117,"column":21}},"loc":{"start":{"line":117,"column":26},"end":{"line":120,"column":11}},"line":117},"7":{"name":"(anonymous_7)","decl":{"start":{"line":129,"column":24},"end":{"line":129,"column":25}},"loc":{"start":{"line":129,"column":36},"end":{"line":131,"column":1}},"line":129}},"branchMap":{},"s":{"0":3,"1":3,"2":3,"3":2,"4":2,"5":2,"6":3,"7":1,"8":1,"9":9,"10":9,"11":9,"12":9,"13":0,"14":1,"15":1,"16":1,"17":3,"18":1},"f":{"0":3,"1":2,"2":1,"3":1,"4":9,"5":0,"6":1,"7":3},"b":{},"_coverageSchema":"1a1c01bbd47fc00a2c39e90264f33305004495a9","hash":"c900b1d99f399109ded03e75730b1d249ff38842"}
,"/home/gpina/Desktop/projeto/sd-025-b-project-trybewallet/src/components/Header.js": {"path":"/home/gpina/Desktop/projeto/sd-025-b-project-trybewallet/src/components/Header.js","statementMap":{"0":{"start":{"line":7,"column":32},"end":{"line":7,"column":42}},"1":{"start":{"line":8,"column":4},"end":{"line":19,"column":6}},"2":{"start":{"line":12,"column":43},"end":{"line":14,"column":59}},"3":{"start":{"line":23,"column":24},"end":{"line":26,"column":2}},"4":{"start":{"line":23,"column":36},"end":{"line":26,"column":1}},"5":{"start":{"line":28,"column":0},"end":{"line":31,"column":13}}},"fnMap":{"0":{"name":"(anonymous_0)","decl":{"start":{"line":6,"column":2},"end":{"line":6,"column":3}},"loc":{"start":{"line":6,"column":11},"end":{"line":20,"column":3}},"line":6},"1":{"name":"(anonymous_1)","decl":{"start":{"line":12,"column":28},"end":{"line":12,"column":29}},"loc":{"start":{"line":12,"column":43},"end":{"line":14,"column":59}},"line":12},"2":{"name":"(anonymous_2)","decl":{"start":{"line":23,"column":24},"end":{"line":23,"column":25}},"loc":{"start":{"line":23,"column":36},"end":{"line":26,"column":1}},"line":23}},"branchMap":{},"s":{"0":3,"1":3,"2":0,"3":1,"4":3,"5":1},"f":{"0":3,"1":0,"2":3},"b":{},"_coverageSchema":"1a1c01bbd47fc00a2c39e90264f33305004495a9","hash":"8f5fdce8bbaaedcfa87279baf2ccab303075aa4f"}
,"/home/gpina/Desktop/projeto/sd-025-b-project-trybewallet/src/components/Table.js": {"path":"/home/gpina/Desktop/projeto/sd-025-b-project-trybewallet/src/components/Table.js","statementMap":{"0":{"start":{"line":8,"column":35},"end":{"line":8,"column":45}},"1":{"start":{"line":9,"column":4},"end":{"line":58,"column":6}},"2":{"start":{"line":30,"column":16},"end":{"line":52,"column":21}},"3":{"start":{"line":47,"column":38},"end":{"line":47,"column":68}},"4":{"start":{"line":62,"column":24},"end":{"line":64,"column":2}},"5":{"start":{"line":62,"column":36},"end":{"line":64,"column":1}},"6":{"start":{"line":66,"column":0},"end":{"line":68,"column":13}}},"fnMap":{"0":{"name":"(anonymous_0)","decl":{"start":{"line":7,"column":2},"end":{"line":7,"column":3}},"loc":{"start":{"line":7,"column":11},"end":{"line":59,"column":3}},"line":7},"1":{"name":"(anonymous_1)","decl":{"start":{"line":29,"column":30},"end":{"line":29,"column":31}},"loc":{"start":{"line":30,"column":16},"end":{"line":52,"column":21}},"line":30},"2":{"name":"(anonymous_2)","decl":{"start":{"line":47,"column":32},"end":{"line":47,"column":33}},"loc":{"start":{"line":47,"column":38},"end":{"line":47,"column":68}},"line":47},"3":{"name":"(anonymous_3)","decl":{"start":{"line":62,"column":24},"end":{"line":62,"column":25}},"loc":{"start":{"line":62,"column":36},"end":{"line":64,"column":1}},"line":62}},"branchMap":{"0":{"loc":{"start":{"line":28,"column":14},"end":{"line":53,"column":16}},"type":"binary-expr","locations":[{"start":{"line":28,"column":14},"end":{"line":28,"column":34}},{"start":{"line":29,"column":17},"end":{"line":53,"column":16}}],"line":28}},"s":{"0":3,"1":3,"2":0,"3":0,"4":1,"5":3,"6":1},"f":{"0":3,"1":0,"2":0,"3":3},"b":{"0":[3,0]},"_coverageSchema":"1a1c01bbd47fc00a2c39e90264f33305004495a9","hash":"93e6026c2760b29a5364535c04e520efc55c291b"}
,"/home/gpina/Desktop/projeto/sd-025-b-project-trybewallet/src/components/WalletForm.js": {"path":"/home/gpina/Desktop/projeto/sd-025-b-project-trybewallet/src/components/WalletForm.js","statementMap":{"0":{"start":{"line":8,"column":4},"end":{"line":12,"column":6}},"1":{"start":{"line":16,"column":24},"end":{"line":19,"column":2}},"2":{"start":{"line":16,"column":36},"end":{"line":19,"column":1}}},"fnMap":{"0":{"name":"(anonymous_0)","decl":{"start":{"line":7,"column":2},"end":{"line":7,"column":3}},"loc":{"start":{"line":7,"column":11},"end":{"line":13,"column":3}},"line":7},"1":{"name":"(anonymous_1)","decl":{"start":{"line":16,"column":24},"end":{"line":16,"column":25}},"loc":{"start":{"line":16,"column":36},"end":{"line":19,"column":1}},"line":16}},"branchMap":{},"s":{"0":3,"1":1,"2":3},"f":{"0":3,"1":3},"b":{},"_coverageSchema":"1a1c01bbd47fc00a2c39e90264f33305004495a9","hash":"7efdb03bd32b5f6f05725c1c048e473509d1940f"}
,"/home/gpina/Desktop/projeto/sd-025-b-project-trybewallet/src/pages/Login.js": {"path":"/home/gpina/Desktop/projeto/sd-025-b-project-trybewallet/src/pages/Login.js","statementMap":{"0":{"start":{"line":8,"column":10},"end":{"line":13,"column":3}},"1":{"start":{"line":16,"column":25},"end":{"line":16,"column":35}},"2":{"start":{"line":17,"column":4},"end":{"line":17,"column":25}},"3":{"start":{"line":20,"column":17},"end":{"line":35,"column":3}},"4":{"start":{"line":21,"column":28},"end":{"line":21,"column":34}},"5":{"start":{"line":22,"column":32},"end":{"line":22,"column":42}},"6":{"start":{"line":23,"column":22},"end":{"line":23,"column":23}},"7":{"start":{"line":24,"column":23},"end":{"line":24,"column":37}},"8":{"start":{"line":25,"column":23},"end":{"line":25,"column":45}},"9":{"start":{"line":27,"column":4},"end":{"line":34,"column":7}},"10":{"start":{"line":30,"column":6},"end":{"line":33,"column":9}},"11":{"start":{"line":38,"column":59},"end":{"line":38,"column":69}},"12":{"start":{"line":39,"column":25},"end":{"line":39,"column":35}},"13":{"start":{"line":40,"column":23},"end":{"line":40,"column":50}},"14":{"start":{"line":41,"column":4},"end":{"line":69,"column":6}},"15":{"start":{"line":62,"column":30},"end":{"line":62,"column":69}},"16":{"start":{"line":73,"column":0},"end":{"line":75,"column":2}}},"fnMap":{"0":{"name":"(anonymous_0)","decl":{"start":{"line":15,"column":2},"end":{"line":15,"column":3}},"loc":{"start":{"line":15,"column":22},"end":{"line":18,"column":3}},"line":15},"1":{"name":"(anonymous_1)","decl":{"start":{"line":20,"column":17},"end":{"line":20,"column":18}},"loc":{"start":{"line":20,"column":33},"end":{"line":35,"column":3}},"line":20},"2":{"name":"(anonymous_2)","decl":{"start":{"line":29,"column":7},"end":{"line":29,"column":8}},"loc":{"start":{"line":29,"column":13},"end":{"line":34,"column":5}},"line":29},"3":{"name":"(anonymous_3)","decl":{"start":{"line":37,"column":2},"end":{"line":37,"column":3}},"loc":{"start":{"line":37,"column":11},"end":{"line":70,"column":3}},"line":37},"4":{"name":"(anonymous_4)","decl":{"start":{"line":62,"column":24},"end":{"line":62,"column":25}},"loc":{"start":{"line":62,"column":30},"end":{"line":62,"column":69}},"line":62}},"branchMap":{"0":{"loc":{"start":{"line":40,"column":23},"end":{"line":40,"column":50}},"type":"binary-expr","locations":[{"start":{"line":40,"column":23},"end":{"line":40,"column":33}},{"start":{"line":40,"column":37},"end":{"line":40,"column":50}}],"line":40}},"s":{"0":5,"1":5,"2":5,"3":5,"4":75,"5":75,"6":75,"7":75,"8":75,"9":75,"10":75,"11":155,"12":155,"13":155,"14":155,"15":2,"16":1},"f":{"0":5,"1":75,"2":75,"3":155,"4":2},"b":{"0":[155,43]},"_coverageSchema":"1a1c01bbd47fc00a2c39e90264f33305004495a9","hash":"83f5f14a160a1856cfc9f8212e6c22f2596c66fe"}
,"/home/gpina/Desktop/projeto/sd-025-b-project-trybewallet/src/pages/Wallet.js": {"path":"/home/gpina/Desktop/projeto/sd-025-b-project-trybewallet/src/pages/Wallet.js","statementMap":{"0":{"start":{"line":8,"column":4},"end":{"line":14,"column":6}}},"fnMap":{"0":{"name":"(anonymous_0)","decl":{"start":{"line":7,"column":2},"end":{"line":7,"column":3}},"loc":{"start":{"line":7,"column":11},"end":{"line":15,"column":3}},"line":7}},"branchMap":{},"s":{"0":3},"f":{"0":3},"b":{},"_coverageSchema":"1a1c01bbd47fc00a2c39e90264f33305004495a9","hash":"b1cfe8e60fe5c22f170251c64b11fb9746aea772"}
,"/home/gpina/Desktop/projeto/sd-025-b-project-trybewallet/src/redux/actions/index.js": {"path":"/home/gpina/Desktop/projeto/sd-025-b-project-trybewallet/src/redux/actions/index.js","statementMap":{"0":{"start":{"line":1,"column":28},"end":{"line":1,"column":42}},"1":{"start":{"line":2,"column":31},"end":{"line":2,"column":48}},"2":{"start":{"line":3,"column":28},"end":{"line":3,"column":42}},"3":{"start":{"line":4,"column":24},"end":{"line":4,"column":34}},"4":{"start":{"line":5,"column":28},"end":{"line":5,"column":42}},"5":{"start":{"line":7,"column":28},"end":{"line":11,"column":2}},"6":{"start":{"line":7,"column":50},"end":{"line":11,"column":1}},"7":{"start":{"line":13,"column":35},"end":{"line":16,"column":2}},"8":{"start":{"line":13,"column":46},"end":{"line":16,"column":1}},"9":{"start":{"line":18,"column":34},"end":{"line":21,"column":2}},"10":{"start":{"line":18,"column":46},"end":{"line":21,"column":1}},"11":{"start":{"line":23,"column":27},"end":{"line":26,"column":2}},"12":{"start":{"line":23,"column":38},"end":{"line":26,"column":1}},"13":{"start":{"line":28,"column":23},"end":{"line":39,"column":2}},"14":{"start":{"line":28,"column":40},"end":{"line":39,"column":1}},"15":{"start":{"line":41,"column":2},"end":{"line":51,"column":4}},"16":{"start":{"line":42,"column":4},"end":{"line":50,"column":5}},"17":{"start":{"line":43,"column":23},"end":{"line":43,"column":81}},"18":{"start":{"line":44,"column":19},"end":{"line":44,"column":40}},"19":{"start":{"line":45,"column":25},"end":{"line":45,"column":42}},"20":{"start":{"line":46,"column":31},"end":{"line":46,"column":75}},"21":{"start":{"line":46,"column":59},"end":{"line":46,"column":74}},"22":{"start":{"line":47,"column":6},"end":{"line":47,"column":54}},"23":{"start":{"line":49,"column":6},"end":{"line":49,"column":35}},"24":{"start":{"line":55,"column":2},"end":{"line":63,"column":4}},"25":{"start":{"line":56,"column":4},"end":{"line":62,"column":5}},"26":{"start":{"line":57,"column":23},"end":{"line":57,"column":81}},"27":{"start":{"line":58,"column":19},"end":{"line":58,"column":40}},"28":{"start":{"line":59,"column":6},"end":{"line":59,"column":36}},"29":{"start":{"line":61,"column":6},"end":{"line":61,"column":35}}},"fnMap":{"0":{"name":"(anonymous_0)","decl":{"start":{"line":7,"column":28},"end":{"line":7,"column":29}},"loc":{"start":{"line":7,"column":50},"end":{"line":11,"column":1}},"line":7},"1":{"name":"(anonymous_1)","decl":{"start":{"line":13,"column":35},"end":{"line":13,"column":36}},"loc":{"start":{"line":13,"column":46},"end":{"line":16,"column":1}},"line":13},"2":{"name":"(anonymous_2)","decl":{"start":{"line":18,"column":34},"end":{"line":18,"column":35}},"loc":{"start":{"line":18,"column":46},"end":{"line":21,"column":1}},"line":18},"3":{"name":"(anonymous_3)","decl":{"start":{"line":23,"column":27},"end":{"line":23,"column":28}},"loc":{"start":{"line":23,"column":38},"end":{"line":26,"column":1}},"line":23},"4":{"name":"(anonymous_4)","decl":{"start":{"line":28,"column":23},"end":{"line":28,"column":24}},"loc":{"start":{"line":28,"column":40},"end":{"line":39,"column":1}},"line":28},"5":{"name":"fetchApi","decl":{"start":{"line":40,"column":16},"end":{"line":40,"column":24}},"loc":{"start":{"line":40,"column":27},"end":{"line":52,"column":1}},"line":40},"6":{"name":"(anonymous_6)","decl":{"start":{"line":41,"column":9},"end":{"line":41,"column":10}},"loc":{"start":{"line":41,"column":29},"end":{"line":51,"column":3}},"line":41},"7":{"name":"(anonymous_7)","decl":{"start":{"line":46,"column":49},"end":{"line":46,"column":50}},"loc":{"start":{"line":46,"column":59},"end":{"line":46,"column":74}},"line":46},"8":{"name":"fetchApiExpenses","decl":{"start":{"line":54,"column":16},"end":{"line":54,"column":32}},"loc":{"start":{"line":54,"column":39},"end":{"line":64,"column":1}},"line":54},"9":{"name":"(anonymous_9)","decl":{"start":{"line":55,"column":9},"end":{"line":55,"column":10}},"loc":{"start":{"line":55,"column":29},"end":{"line":63,"column":3}},"line":55}},"branchMap":{},"s":{"0":1,"1":1,"2":1,"3":1,"4":1,"5":1,"6":2,"7":1,"8":0,"9":1,"10":0,"11":1,"12":0,"13":1,"14":0,"15":5,"16":5,"17":5,"18":0,"19":0,"20":0,"21":0,"22":0,"23":0,"24":1,"25":1,"26":1,"27":0,"28":0,"29":0},"f":{"0":2,"1":0,"2":0,"3":0,"4":0,"5":5,"6":5,"7":0,"8":1,"9":1},"b":{},"_coverageSchema":"1a1c01bbd47fc00a2c39e90264f33305004495a9","hash":"d2d6a4e8a0eb62859fd1365eaa8bb3534d60e11e"}
,"/home/gpina/Desktop/projeto/sd-025-b-project-trybewallet/src/redux/reducers/index.js": {"path":"/home/gpina/Desktop/projeto/sd-025-b-project-trybewallet/src/redux/reducers/index.js","statementMap":{"0":{"start":{"line":5,"column":20},"end":{"line":8,"column":2}}},"fnMap":{},"branchMap":{},"s":{"0":1},"f":{},"b":{},"_coverageSchema":"1a1c01bbd47fc00a2c39e90264f33305004495a9","hash":"69cf574ca959664da2bd4ca196d7a93f101c1176"}
,"/home/gpina/Desktop/projeto/sd-025-b-project-trybewallet/src/redux/reducers/user.js": {"path":"/home/gpina/Desktop/projeto/sd-025-b-project-trybewallet/src/redux/reducers/user.js","statementMap":{"0":{"start":{"line":3,"column":22},"end":{"line":6,"column":1}},"1":{"start":{"line":8,"column":13},"end":{"line":18,"column":1}},"2":{"start":{"line":9,"column":2},"end":{"line":17,"column":3}},"3":{"start":{"line":11,"column":4},"end":{"line":14,"column":6}},"4":{"start":{"line":16,"column":4},"end":{"line":16,"column":17}}},"fnMap":{"0":{"name":"(anonymous_0)","decl":{"start":{"line":8,"column":13},"end":{"line":8,"column":14}},"loc":{"start":{"line":8,"column":48},"end":{"line":18,"column":1}},"line":8}},"branchMap":{"0":{"loc":{"start":{"line":8,"column":14},"end":{"line":8,"column":35}},"type":"default-arg","locations":[{"start":{"line":8,"column":22},"end":{"line":8,"column":35}}],"line":8},"1":{"loc":{"start":{"line":9,"column":2},"end":{"line":17,"column":3}},"type":"switch","locations":[{"start":{"line":10,"column":2},"end":{"line":14,"column":6}},{"start":{"line":15,"column":2},"end":{"line":16,"column":17}}],"line":9}},"s":{"0":1,"1":1,"2":10,"3":2,"4":8},"f":{"0":10},"b":{"0":[8],"1":[2,8]},"_coverageSchema":"1a1c01bbd47fc00a2c39e90264f33305004495a9","hash":"409b2fd3f9766008af6372a7ce9327d2acdcb2a4"}
,"/home/gpina/Desktop/projeto/sd-025-b-project-trybewallet/src/redux/reducers/wallet.js": {"path":"/home/gpina/Desktop/projeto/sd-025-b-project-trybewallet/src/redux/reducers/wallet.js","statementMap":{"0":{"start":{"line":3,"column":22},"end":{"line":8,"column":1}},"1":{"start":{"line":10,"column":15},"end":{"line":35,"column":1}},"2":{"start":{"line":11,"column":2},"end":{"line":34,"column":3}},"3":{"start":{"line":13,"column":4},"end":{"line":16,"column":6}},"4":{"start":{"line":18,"column":4},"end":{"line":21,"column":6}},"5":{"start":{"line":23,"column":4},"end":{"line":26,"column":6}},"6":{"start":{"line":28,"column":4},"end":{"line":31,"column":6}},"7":{"start":{"line":30,"column":55},"end":{"line":30,"column":84}},"8":{"start":{"line":33,"column":4},"end":{"line":33,"column":17}}},"fnMap":{"0":{"name":"(anonymous_0)","decl":{"start":{"line":10,"column":15},"end":{"line":10,"column":16}},"loc":{"start":{"line":10,"column":50},"end":{"line":35,"column":1}},"line":10},"1":{"name":"(anonymous_1)","decl":{"start":{"line":30,"column":42},"end":{"line":30,"column":43}},"loc":{"start":{"line":30,"column":55},"end":{"line":30,"column":84}},"line":30}},"branchMap":{"0":{"loc":{"start":{"line":10,"column":16},"end":{"line":10,"column":37}},"type":"default-arg","locations":[{"start":{"line":10,"column":24},"end":{"line":10,"column":37}}],"line":10},"1":{"loc":{"start":{"line":11,"column":2},"end":{"line":34,"column":3}},"type":"switch","locations":[{"start":{"line":12,"column":2},"end":{"line":16,"column":6}},{"start":{"line":17,"column":2},"end":{"line":21,"column":6}},{"start":{"line":22,"column":2},"end":{"line":26,"column":6}},{"start":{"line":27,"column":2},"end":{"line":31,"column":6}},{"start":{"line":32,"column":2},"end":{"line":33,"column":17}}],"line":11}},"s":{"0":1,"1":1,"2":10,"3":0,"4":0,"5":0,"6":0,"7":0,"8":10},"f":{"0":10,"1":0},"b":{"0":[8],"1":[0,0,0,0,10]},"_coverageSchema":"1a1c01bbd47fc00a2c39e90264f33305004495a9","hash":"fe07c96dfcf9b88590a2783ed87752abb040ace2"}
}
