TN:
SF:src/App.js
FN:8,(anonymous_0)
FNF:1
FNH:1
FNDA:5,(anonymous_0)
DA:9,5
LF:1
LH:1
BRF:0
BRH:0
end_of_record
TN:
SF:src/components/Form.js
FN:18,(anonymous_0)
FN:24,(anonymous_1)
FN:32,(anonymous_2)
FN:33,(anonymous_3)
FN:45,(anonymous_4)
FN:81,(anonymous_5)
FN:117,(anonymous_6)
FN:129,(anonymous_7)
FNF:8
FNH:7
FNDA:3,(anonymous_0)
FNDA:2,(anonymous_1)
FNDA:1,(anonymous_2)
FNDA:1,(anonymous_3)
FNDA:9,(anonymous_4)
FNDA:0,(anonymous_5)
FNDA:1,(anonymous_6)
FNDA:3,(anonymous_7)
DA:7,3
DA:19,3
DA:24,3
DA:25,2
DA:26,2
DA:27,2
DA:32,3
DA:33,1
DA:46,9
DA:47,9
DA:48,9
DA:49,9
DA:82,0
DA:118,1
DA:119,1
DA:129,3
DA:133,1
LF:17
LH:16
BRF:0
BRH:0
end_of_record
TN:
SF:src/components/Header.js
FN:6,(anonymous_0)
FN:12,(anonymous_1)
FN:23,(anonymous_2)
FNF:3
FNH:2
FNDA:3,(anonymous_0)
FNDA:0,(anonymous_1)
FNDA:3,(anonymous_2)
DA:7,3
DA:8,3
DA:12,0
DA:23,3
DA:28,1
LF:5
LH:4
BRF:0
BRH:0
end_of_record
TN:
SF:src/components/Table.js
FN:7,(anonymous_0)
FN:29,(anonymous_1)
FN:47,(anonymous_2)
FN:62,(anonymous_3)
FNF:4
FNH:2
FNDA:3,(anonymous_0)
FNDA:0,(anonymous_1)
FNDA:0,(anonymous_2)
FNDA:3,(anonymous_3)
DA:8,3
DA:9,3
DA:30,0
DA:47,0
DA:62,3
DA:66,1
LF:6
LH:4
BRDA:28,0,0,3
BRDA:28,0,1,0
BRF:2
BRH:1
end_of_record
TN:
SF:src/components/WalletForm.js
FN:7,(anonymous_0)
FN:16,(anonymous_1)
FNF:2
FNH:2
FNDA:3,(anonymous_0)
FNDA:3,(anonymous_1)
DA:8,3
DA:16,3
LF:2
LH:2
BRF:0
BRH:0
end_of_record
TN:
SF:src/pages/Login.js
FN:15,(anonymous_0)
FN:20,(anonymous_1)
FN:29,(anonymous_2)
FN:37,(anonymous_3)
FN:62,(anonymous_4)
FNF:5
FNH:5
FNDA:5,(anonymous_0)
FNDA:75,(anonymous_1)
FNDA:75,(anonymous_2)
FNDA:155,(anonymous_3)
FNDA:2,(anonymous_4)
DA:8,5
DA:16,5
DA:17,5
DA:20,5
DA:21,75
DA:22,75
DA:23,75
DA:24,75
DA:25,75
DA:27,75
DA:30,75
DA:38,155
DA:39,155
DA:40,155
DA:41,155
DA:62,2
DA:73,1
LF:17
LH:17
BRDA:40,0,0,155
BRDA:40,0,1,43
BRF:2
BRH:2
end_of_record
TN:
SF:src/pages/Wallet.js
FN:7,(anonymous_0)
FNF:1
FNH:1
FNDA:3,(anonymous_0)
DA:8,3
LF:1
LH:1
BRF:0
BRH:0
end_of_record
TN:
SF:src/redux/actions/index.js
FN:7,(anonymous_0)
FN:13,(anonymous_1)
FN:18,(anonymous_2)
FN:23,(anonymous_3)
FN:28,(anonymous_4)
FN:40,fetchApi
FN:41,(anonymous_6)
FN:46,(anonymous_7)
FN:54,fetchApiExpenses
FN:55,(anonymous_9)
FNF:10
FNH:5
FNDA:2,(anonymous_0)
FNDA:0,(anonymous_1)
FNDA:0,(anonymous_2)
FNDA:0,(anonymous_3)
FNDA:0,(anonymous_4)
FNDA:5,fetchApi
FNDA:5,(anonymous_6)
FNDA:0,(anonymous_7)
FNDA:1,fetchApiExpenses
FNDA:1,(anonymous_9)
DA:1,1
DA:2,1
DA:3,1
DA:4,1
DA:5,1
DA:7,2
DA:13,1
DA:18,1
DA:23,1
DA:28,1
DA:41,5
DA:42,5
DA:43,5
DA:44,0
DA:45,0
DA:46,0
DA:47,0
DA:49,0
DA:55,1
DA:56,1
DA:57,1
DA:58,0
DA:59,0
DA:61,0
LF:24
LH:16
BRF:0
BRH:0
end_of_record
TN:
SF:src/redux/reducers/index.js
FNF:0
FNH:0
DA:5,1
LF:1
LH:1
BRF:0
BRH:0
end_of_record
TN:
SF:src/redux/reducers/user.js
FN:8,(anonymous_0)
FNF:1
FNH:1
FNDA:10,(anonymous_0)
DA:3,1
DA:8,1
DA:9,10
DA:11,2
DA:16,8
LF:5
LH:5
BRDA:8,0,0,8
BRDA:9,1,0,2
BRDA:9,1,1,8
BRF:3
BRH:3
end_of_record
TN:
SF:src/redux/reducers/wallet.js
FN:10,(anonymous_0)
FN:30,(anonymous_1)
FNF:2
FNH:1
FNDA:10,(anonymous_0)
FNDA:0,(anonymous_1)
DA:3,1
DA:10,1
DA:11,10
DA:13,0
DA:18,0
DA:23,0
DA:28,0
DA:30,0
DA:33,10
LF:9
LH:4
BRDA:10,0,0,8
BRDA:11,1,0,0
BRDA:11,1,1,0
BRDA:11,1,2,0
BRDA:11,1,3,0
BRDA:11,1,4,10
BRF:6
BRH:2
end_of_record
